[debug] [2023-05-13T22:43:29.554Z] ----------------------------------------------------------------------
[debug] [2023-05-13T22:43:29.556Z] Command:       /usr/local/bin/node /usr/local/bin/firebase deploy
[debug] [2023-05-13T22:43:29.556Z] CLI Version:   11.21.0
[debug] [2023-05-13T22:43:29.556Z] Platform:      darwin
[debug] [2023-05-13T22:43:29.556Z] Node Version:  v16.18.1
[debug] [2023-05-13T22:43:29.558Z] Time:          Sat May 13 2023 23:43:29 GMT+0100 (West Africa Standard Time)
[debug] [2023-05-13T22:43:29.558Z] ----------------------------------------------------------------------
[debug] 
[debug] [2023-05-13T22:43:29.629Z] > command requires scopes: ["email","openid","https://www.googleapis.com/auth/cloudplatformprojects.readonly","https://www.googleapis.com/auth/firebase","https://www.googleapis.com/auth/cloud-platform"]
[debug] [2023-05-13T22:43:29.630Z] > authorizing via signed-in user (iykeprince48@gmail.com)
[debug] [2023-05-13T22:43:29.630Z] [iam] checking project jobie-farm for permissions ["cloudfunctions.functions.create","cloudfunctions.functions.delete","cloudfunctions.functions.get","cloudfunctions.functions.list","cloudfunctions.functions.update","cloudfunctions.operations.get","firebase.projects.get","firebasehosting.sites.update"]
[debug] [2023-05-13T22:43:29.632Z] >>> [apiv2][query] POST https://cloudresourcemanager.googleapis.com/v1/projects/jobie-farm:testIamPermissions [none]
[debug] [2023-05-13T22:43:29.633Z] >>> [apiv2][(partial)header] POST https://cloudresourcemanager.googleapis.com/v1/projects/jobie-farm:testIamPermissions x-goog-quota-user=projects/jobie-farm
[debug] [2023-05-13T22:43:29.633Z] >>> [apiv2][body] POST https://cloudresourcemanager.googleapis.com/v1/projects/jobie-farm:testIamPermissions {"permissions":["cloudfunctions.functions.create","cloudfunctions.functions.delete","cloudfunctions.functions.get","cloudfunctions.functions.list","cloudfunctions.functions.update","cloudfunctions.operations.get","firebase.projects.get","firebasehosting.sites.update"]}
[debug] [2023-05-13T22:43:31.064Z] <<< [apiv2][status] POST https://cloudresourcemanager.googleapis.com/v1/projects/jobie-farm:testIamPermissions 200
[debug] [2023-05-13T22:43:31.064Z] <<< [apiv2][body] POST https://cloudresourcemanager.googleapis.com/v1/projects/jobie-farm:testIamPermissions {"permissions":["cloudfunctions.functions.create","cloudfunctions.functions.delete","cloudfunctions.functions.get","cloudfunctions.functions.list","cloudfunctions.functions.update","cloudfunctions.operations.get","firebase.projects.get","firebasehosting.sites.update"]}
[debug] [2023-05-13T22:43:31.065Z] >>> [apiv2][query] POST https://iam.googleapis.com/v1/projects/jobie-farm/serviceAccounts/jobie-farm@appspot.gserviceaccount.com:testIamPermissions [none]
[debug] [2023-05-13T22:43:31.065Z] >>> [apiv2][body] POST https://iam.googleapis.com/v1/projects/jobie-farm/serviceAccounts/jobie-farm@appspot.gserviceaccount.com:testIamPermissions {"permissions":["iam.serviceAccounts.actAs"]}
[debug] [2023-05-13T22:43:32.266Z] <<< [apiv2][status] POST https://iam.googleapis.com/v1/projects/jobie-farm/serviceAccounts/jobie-farm@appspot.gserviceaccount.com:testIamPermissions 200
[debug] [2023-05-13T22:43:32.266Z] <<< [apiv2][body] POST https://iam.googleapis.com/v1/projects/jobie-farm/serviceAccounts/jobie-farm@appspot.gserviceaccount.com:testIamPermissions {"permissions":["iam.serviceAccounts.actAs"]}
[debug] [2023-05-13T22:43:32.267Z] >>> [apiv2][query] GET https://firebase.googleapis.com/v1beta1/projects/jobie-farm [none]
[debug] [2023-05-13T22:43:32.828Z] <<< [apiv2][status] GET https://firebase.googleapis.com/v1beta1/projects/jobie-farm 200
[debug] [2023-05-13T22:43:32.828Z] <<< [apiv2][body] GET https://firebase.googleapis.com/v1beta1/projects/jobie-farm {"projectId":"jobie-farm","projectNumber":"937897298518","displayName":"jobie-farm","name":"projects/jobie-farm","resources":{"hostingSite":"jobie-farm","storageBucket":"jobie-farm.appspot.com","locationId":"us-central"},"state":"ACTIVE","etag":"1_74cda2bb-da6d-48a5-9074-d076bdc08175"}
[debug] [2023-05-13T22:43:36.181Z] defaultcredentials: writing to file /Users/mac/.config/firebase/iykeprince48_gmail_com_application_default_credentials.json
[debug] [2023-05-13T22:43:36.185Z] >>> [apiv2][query] GET https://firebasehosting.googleapis.com/v1beta1/projects/jobie-farm/sites pageToken=&pageSize=10
[debug] [2023-05-13T22:43:37.491Z] <<< [apiv2][status] GET https://firebasehosting.googleapis.com/v1beta1/projects/jobie-farm/sites 200
[debug] [2023-05-13T22:43:37.491Z] <<< [apiv2][body] GET https://firebasehosting.googleapis.com/v1beta1/projects/jobie-farm/sites {"sites":[{"name":"projects/jobie-farm/sites/jobie-farm","defaultUrl":"https://jobie-farm.web.app","appId":"1:937897298518:web:38f7d3b50703ca8d3d89f7","type":"DEFAULT_SITE"}]}
[debug] [2023-05-13T22:43:37.492Z] >>> [apiv2][query] GET https://firebase.googleapis.com/v1beta1/projects/-/webApps/1:937897298518:web:38f7d3b50703ca8d3d89f7/config [none]
[debug] [2023-05-13T22:43:38.885Z] <<< [apiv2][status] GET https://firebase.googleapis.com/v1beta1/projects/-/webApps/1:937897298518:web:38f7d3b50703ca8d3d89f7/config 200
[debug] [2023-05-13T22:43:38.886Z] <<< [apiv2][body] GET https://firebase.googleapis.com/v1beta1/projects/-/webApps/1:937897298518:web:38f7d3b50703ca8d3d89f7/config {"projectId":"jobie-farm","appId":"1:937897298518:web:38f7d3b50703ca8d3d89f7","storageBucket":"jobie-farm.appspot.com","locationId":"us-central","apiKey":"AIzaSyC_anNIk3aPsyNhPQM_fLqQ1yoEKjlSGk0","authDomain":"jobie-farm.firebaseapp.com","messagingSenderId":"937897298518","measurementId":"G-MKYV4L1C9W"}
[debug] [2023-05-13T22:44:18.505Z] Error: Command failed: npm i --omit dev --no-audit
    at checkExecSyncError (node:child_process:861:11)
    at execSync (node:child_process:932:15)
    at prepareFrameworks (/usr/local/lib/node_modules/firebase-tools/lib/frameworks/index.js:335:42)
    at async deploy (/usr/local/lib/node_modules/firebase-tools/lib/deploy/index.js:53:13)
[error] 
[error] Error: An unexpected error has occurred.
